{
  "RSpec": {
    "coverage": {
      "/Users/jjoonia/Documents/Yliopisto/Wadror/ratebeer/spec/support/helpers/own_test_helper.rb": [
        1,
        1,
        0,
        0,
        0,
        0,
        null,
        null
      ],
      "/Users/jjoonia/Documents/Yliopisto/Wadror/ratebeer/lib/beermapping_api.rb": [
        1,
        1,
        3,
        null,
        3,
        3,
        null,
        3,
        null,
        2,
        2,
        3,
        null,
        null,
        null,
        1,
        3,
        null,
        null
      ]
    },
    "timestamp": 1381073924
  },
  "Cucumber Features": {
    "coverage": {
      "/Users/jjoonia/Documents/Yliopisto/Wadror/ratebeer/spec/support/helpers/own_test_helper.rb": [
        1,
        1,
        0,
        0,
        0,
        0,
        null,
        null
      ],
      "/Users/jjoonia/Documents/Yliopisto/Wadror/ratebeer/lib/beermapping_api.rb": [
        1,
        1,
        0,
        null,
        0,
        0,
        null,
        0,
        null,
        0,
        0,
        0,
        null,
        null,
        null,
        1,
        0,
        null,
        null
      ]
    },
    "timestamp": 1381073360
  }
}
